<?xml version="1.0" encoding="utf-8"?><testsuites name="pytest tests"><testsuite name="pytest" errors="0" failures="1" skipped="0" tests="10" time="80.539" timestamp="2026-05-11T15:43:48.077830+00:00" hostname="agent-env-8568080b-37fb-4240-9e69-76ae58566fd8"><testcase classname="backend.tests.test_canon_scenes" name="test_canon_list_returns_scenes_and_current" time="0.233" /><testcase classname="backend.tests.test_canon_scenes" name="test_canon_current_endpoint" time="0.085" /><testcase classname="backend.tests.test_canon_scenes" name="test_canon_empty_for_new_campaign" time="0.079" /><testcase classname="backend.tests.test_canon_scenes" name="test_canon_current_null_for_new_campaign" time="0.082" /><testcase classname="backend.tests.test_canon_scenes" name="test_resolve_failed_does_not_create_canon" time="8.166" /><testcase classname="backend.tests.test_canon_scenes" name="test_resolve_skipped_does_not_create_canon" time="7.912" /><testcase classname="backend.tests.test_canon_scenes" name="test_resolve_passed_creates_canon_and_increments" time="12.261" /><testcase classname="backend.tests.test_canon_scenes" name="test_creative_passed_creates_canon_with_quality" time="21.365" /><testcase classname="backend.tests.test_canon_scenes" name="test_dm_feedback_returns_rewind_target_field" time="2.258" /><testcase classname="backend.tests.test_canon_scenes" name="test_dm_action_returns_200" time="28.009"><failure message="AssertionError: Empty narration: {'success': True, 'data': {'narration': &quot;The interior of the Anvil &amp; Cup envelops you in warmth, contrasting sharply with the shadows of the alley. The clamor of laughter and clinking mugs fills your ears as you scan the room, your attentive eyes absorbing details that weave together the tapestry of this bustling tavern. \n\nTo your left, a group of patrons huddles around a flickering candle, animatedly discussing recent civil events in Emberfall. Across the room, a bard strikes a melancholic chord on a lute, adding a layer of bittersweet to the evening's air. Hester stands prominent at the bar, her fingers gripping the locket as if steadying herself amid the chaos.\n\nYou note a few items scattered on the bar top—an empty glass, a half-eaten loaf of bread, and a small, ornate key that shimmers oddly in the tavern light. The scent of spices and baked goods swirls around you, creating an inviting atmosphere, yet your instincts remain sharp, awareness alive to any latent tension beneath the surface.\n\nHester's eyes flit toward you, filled with a mixture of hope and anxiety. The flickering candlelight caresses her features, making the moment feel charged.\n\nWhat do you do?&quot;, 'entity_mentions': [{'entity_type': 'location', 'entity_id': 'loc_anvil_&amp;_cup', 'display_text': 'Anvil &amp; Cup', 'start': 20, 'end': 31}, {'entity_type': 'item', 'entity_id': 'item_ornate_key', 'display_text': 'ornate key', 'start': 736, 'end': 746}], 'hooks': [{'id': 'hook_6f6c30e1', 'text': 'flickering candle', 'start': 334, 'end': 351, 'topic': 'candle', 'verb_hint': 'investigate'}, {'id': 'hook_6bfc0398', 'text': 'ornate key', 'start': 736, 'end': 746, 'topic': 'key', 'verb_hint': 'examine'}], 'engaged_hook_id': 'hook_9feae99a', 'storyline': {'id': 'sl_3788889874', 'campaign_id': '29feef57-a81d-4799-a988-88d644406acc', 'character_id': '69fc667f579c1db376ac58db', 'title': 'The Aroma of Fresh Bread', 'hook_text': 'scent of fresh-baked bread', 'hook_id': 'hook_9feae99a', 'hook_topic': 'fresh-baked bread', 'status': 'active', 'current_beat': 0, 'beats': [{'title': 'The Baked Goods Stall', 'description': 'The scent of fresh-baked bread wafts from a nearby stall, immediately drawing your attention. A wooden sign above the stall reads: &quot;Daily Breads and Pastries, by Amira, at the Market Square. Taste the best of Emberfall!&quot; You see a bustling market square alive with vendors calling out their wares, and before you, a crowd gathers around Amira, a jovial baker with flour-dusted hands. She is known for her exquisite pastries, but whispers suggest there might be more behind her thriving business. You recall overhearing that her signature loaf has been acting as a perfect cover for smuggling valuable items. To learn more, you can approach Amira for a conversation right now. Keep in mind, the market is busy, and you notice a hooded figure lurking at the edge of the crowd, watching intently.', 'task': 'Speak to Amira about her breads', 'dc': 0, 'check_type': 'Perception', 'ability': 'WIS', 'reveal_type': 'action', 'prompt': '', 'targets': [{'type': 'npc', 'name': 'Amira, baker'}, {'type': 'location', 'name': 'Market Square'}], 'status': 'active', 'outcome_text': None, 'roll_optional': True, 'time_of_day': {'key': 'late_afternoon', 'label': 'Late Afternoon', 'icon': '#x1F307', 'hour': 18}}], 'total_dc': 0, 'open_ended': True, 'press_on_used': False, 'complication': None, 'reward': None, 'quest_card_id': 'a95222b0-064c-4764-8724-dac43531fb1a', 'created_at': '2026-05-11T15:44:51.779893+00:00', 'updated_at': '2026-05-11T15:44:51.779893+00:00'}, 'intent_hint': None, 'world_state_update': {'clock_hour': 18, 'time_of_day': 'late_afternoon', 'time_bucket': {'key': 'late_afternoon', 'label': 'Late Afternoon', 'icon': '#x1F307', 'hour': 18}, 'time_advanced_hours': 0, 'passive_perception': {'score': 13, 'wis_mod': 3, 'proficient': False, 'prof_bonus': 2, 'tier': 'average'}, 'chaos': {'value': 0, 'delta': 0, 'tier': {'key': 'calm', 'label': 'Calm', 'color': 'emerald'}, 'alignment': {'severity': 0, 'axis': None, 'reason': ''}, 'drafted_curse': None}}, 'player_updates': {}, 'options': []}}&#10;assert (True and 0 &gt; 10)&#10; +  where True = isinstance('', str)&#10; +  and   0 = len('')">backend/tests/test_canon_scenes.py:238: in test_dm_action_returns_200
    assert isinstance(narration, str) and len(narration) &gt; 10, f"Empty narration: {data}"
E   AssertionError: Empty narration: {'success': True, 'data': {'narration': "The interior of the Anvil &amp; Cup envelops you in warmth, contrasting sharply with the shadows of the alley. The clamor of laughter and clinking mugs fills your ears as you scan the room, your attentive eyes absorbing details that weave together the tapestry of this bustling tavern. \n\nTo your left, a group of patrons huddles around a flickering candle, animatedly discussing recent civil events in Emberfall. Across the room, a bard strikes a melancholic chord on a lute, adding a layer of bittersweet to the evening's air. Hester stands prominent at the bar, her fingers gripping the locket as if steadying herself amid the chaos.\n\nYou note a few items scattered on the bar top—an empty glass, a half-eaten loaf of bread, and a small, ornate key that shimmers oddly in the tavern light. The scent of spices and baked goods swirls around you, creating an inviting atmosphere, yet your instincts remain sharp, awareness alive to any latent tension beneath the surface.\n\nHester's eyes flit toward you, filled with a mixture of hope and anxiety. The flickering candlelight caresses her features, making the moment feel charged.\n\nWhat do you do?", 'entity_mentions': [{'entity_type': 'location', 'entity_id': 'loc_anvil_&amp;_cup', 'display_text': 'Anvil &amp; Cup', 'start': 20, 'end': 31}, {'entity_type': 'item', 'entity_id': 'item_ornate_key', 'display_text': 'ornate key', 'start': 736, 'end': 746}], 'hooks': [{'id': 'hook_6f6c30e1', 'text': 'flickering candle', 'start': 334, 'end': 351, 'topic': 'candle', 'verb_hint': 'investigate'}, {'id': 'hook_6bfc0398', 'text': 'ornate key', 'start': 736, 'end': 746, 'topic': 'key', 'verb_hint': 'examine'}], 'engaged_hook_id': 'hook_9feae99a', 'storyline': {'id': 'sl_3788889874', 'campaign_id': '29feef57-a81d-4799-a988-88d644406acc', 'character_id': '69fc667f579c1db376ac58db', 'title': 'The Aroma of Fresh Bread', 'hook_text': 'scent of fresh-baked bread', 'hook_id': 'hook_9feae99a', 'hook_topic': 'fresh-baked bread', 'status': 'active', 'current_beat': 0, 'beats': [{'title': 'The Baked Goods Stall', 'description': 'The scent of fresh-baked bread wafts from a nearby stall, immediately drawing your attention. A wooden sign above the stall reads: "Daily Breads and Pastries, by Amira, at the Market Square. Taste the best of Emberfall!" You see a bustling market square alive with vendors calling out their wares, and before you, a crowd gathers around Amira, a jovial baker with flour-dusted hands. She is known for her exquisite pastries, but whispers suggest there might be more behind her thriving business. You recall overhearing that her signature loaf has been acting as a perfect cover for smuggling valuable items. To learn more, you can approach Amira for a conversation right now. Keep in mind, the market is busy, and you notice a hooded figure lurking at the edge of the crowd, watching intently.', 'task': 'Speak to Amira about her breads', 'dc': 0, 'check_type': 'Perception', 'ability': 'WIS', 'reveal_type': 'action', 'prompt': '', 'targets': [{'type': 'npc', 'name': 'Amira, baker'}, {'type': 'location', 'name': 'Market Square'}], 'status': 'active', 'outcome_text': None, 'roll_optional': True, 'time_of_day': {'key': 'late_afternoon', 'label': 'Late Afternoon', 'icon': '#x1F307', 'hour': 18}}], 'total_dc': 0, 'open_ended': True, 'press_on_used': False, 'complication': None, 'reward': None, 'quest_card_id': 'a95222b0-064c-4764-8724-dac43531fb1a', 'created_at': '2026-05-11T15:44:51.779893+00:00', 'updated_at': '2026-05-11T15:44:51.779893+00:00'}, 'intent_hint': None, 'world_state_update': {'clock_hour': 18, 'time_of_day': 'late_afternoon', 'time_bucket': {'key': 'late_afternoon', 'label': 'Late Afternoon', 'icon': '#x1F307', 'hour': 18}, 'time_advanced_hours': 0, 'passive_perception': {'score': 13, 'wis_mod': 3, 'proficient': False, 'prof_bonus': 2, 'tier': 'average'}, 'chaos': {'value': 0, 'delta': 0, 'tier': {'key': 'calm', 'label': 'Calm', 'color': 'emerald'}, 'alignment': {'severity': 0, 'axis': None, 'reason': ''}, 'drafted_curse': None}}, 'player_updates': {}, 'options': []}}
E   assert (True and 0 &gt; 10)
E    +  where True = isinstance('', str)
E    +  and   0 = len('')</failure></testcase></testsuite></testsuites>