<?xml version="1.0" encoding="utf-8"?><testsuites name="pytest tests"><testsuite name="pytest" errors="0" failures="0" skipped="0" tests="20" time="34.450" timestamp="2026-05-11T15:25:58.175577+00:00" hostname="agent-env-8568080b-37fb-4240-9e69-76ae58566fd8"><testcase classname="backend.tests.test_dm_lessons.TestManualLessonCRUD" name="test_create_manual_lesson" time="0.247" /><testcase classname="backend.tests.test_dm_lessons.TestManualLessonCRUD" name="test_create_invalid_type" time="0.070" /><testcase classname="backend.tests.test_dm_lessons.TestManualLessonCRUD" name="test_create_empty_text" time="0.069" /><testcase classname="backend.tests.test_dm_lessons.TestManualLessonCRUD" name="test_list_lessons" time="0.075" /><testcase classname="backend.tests.test_dm_lessons.TestManualLessonCRUD" name="test_list_sorted_by_enabled_weight_created" time="0.072" /><testcase classname="backend.tests.test_dm_lessons.TestManualLessonCRUD" name="test_patch_lesson_weight_clamp" time="0.073" /><testcase classname="backend.tests.test_dm_lessons.TestManualLessonCRUD" name="test_patch_lesson_toggle" time="0.148" /><testcase classname="backend.tests.test_dm_lessons.TestManualLessonCRUD" name="test_patch_lesson_text_and_keywords" time="0.107" /><testcase classname="backend.tests.test_dm_lessons.TestManualLessonCRUD" name="test_patch_nonexistent_lesson" time="0.085" /><testcase classname="backend.tests.test_dm_lessons.TestManualLessonCRUD" name="test_delete_nonexistent_lesson" time="0.072" /><testcase classname="backend.tests.test_dm_lessons.TestCharacterScopedLessons" name="test_create_character_scoped" time="0.077" /><testcase classname="backend.tests.test_dm_lessons.TestCharacterScopedLessons" name="test_character_filter_includes_both" time="0.075" /><testcase classname="backend.tests.test_dm_lessons.TestReactionDistillation" name="test_reaction_invalid_kind" time="0.072" /><testcase classname="backend.tests.test_dm_lessons.TestReactionDistillation" name="test_reaction_missing_narration" time="0.073" /><testcase classname="backend.tests.test_dm_lessons.TestReactionDistillation" name="test_reaction_like_creates_style" time="2.695" /><testcase classname="backend.tests.test_dm_lessons.TestReactionDistillation" name="test_reaction_dislike_creates_taboo" time="1.470" /><testcase classname="backend.tests.test_dm_lessons.TestReactionDistillation" name="test_reaction_dedupe_merges" time="1.935" /><testcase classname="backend.tests.test_dm_lessons.TestDMFeedbackDistillation" name="test_dm_feedback_returns_lesson_field" time="2.244" /><testcase classname="backend.tests.test_dm_lessons.TestLessonInjectionBumpsApplyCount" name="test_dm_action_bumps_apply_count" time="24.362" /><testcase classname="backend.tests.test_dm_lessons.TestDeleteLesson" name="test_delete_manual_lesson" time="0.371" /></testsuite></testsuites>