<?xml version="1.0" encoding="utf-8"?><testsuites name="pytest tests"><testsuite name="pytest" errors="0" failures="0" skipped="0" tests="8" time="68.300" timestamp="2026-05-02T22:45:05.950144+00:00" hostname="agent-env-8568080b-37fb-4240-9e69-76ae58566fd8"><testcase classname="backend.tests.test_storyline_failure_semantics.TestDraftDefaults" name="test_fresh_draft_has_press_on_and_complication_defaults" time="5.567" /><testcase classname="backend.tests.test_storyline_failure_semantics.TestFailForward" name="test_fail_forward_advances_and_emits_complication" time="7.425" /><testcase classname="backend.tests.test_storyline_failure_semantics.TestPressOn" name="test_press_on_retains_beat_then_rejects_second_use" time="6.822" /><testcase classname="backend.tests.test_storyline_failure_semantics.TestCreativeApproach" name="test_creative_endpoint_returns_judgment_and_advances" time="7.287" /><testcase classname="backend.tests.test_storyline_failure_semantics.TestRewardScaling" name="test_all_failed_storyline_zero_xp_no_item" time="16.621" /><testcase classname="backend.tests.test_storyline_failure_semantics.TestRewardScaling" name="test_majority_pass_scales_xp_and_yields_item" time="9.796" /><testcase classname="backend.tests.test_storyline_failure_semantics.TestRegression" name="test_list_and_get_still_work" time="7.030" /><testcase classname="backend.tests.test_storyline_failure_semantics.TestRegression" name="test_abandon_still_works" time="7.678" /></testsuite></testsuites>