<?xml version="1.0" encoding="utf-8"?><testsuites name="pytest tests"><testsuite name="pytest" errors="0" failures="1" skipped="1" tests="37" time="438.092" timestamp="2026-05-15T13:40:17.494308+00:00" hostname="agent-env-8568080b-37fb-4240-9e69-76ae58566fd8"><testcase classname="tests.test_mission_phase_badge.TestCampaignMissionTypePersistence" name="test_campaign_draft_with_heist_persists" time="15.343" /><testcase classname="tests.test_mission_phase_badge.TestHeistStorylineMissionSnapshot" name="test_draft_response_includes_mission_type_snapshot" time="11.492" /><testcase classname="tests.test_mission_phase_badge.TestHeistStorylineMissionSnapshot" name="test_first_beat_tagged_phase_discovery" time="0.000" /><testcase classname="tests.test_mission_phase_badge.TestHeistStorylineMissionSnapshot" name="test_get_storyline_persists_snapshot" time="0.052" /><testcase classname="tests.test_mission_phase_badge.TestRescueStorylineMissionSnapshot" name="test_rescue_first_beat_phase_locate" time="3.939" /><testcase classname="tests.test_mission_phase_badge.TestStorylineWithoutMissionType" name="test_freeform_campaign_storyline_has_null_mission" time="6.510" /><testcase classname="tests.test_offhook_spawn.TestSpawnValidation" name="test_empty_player_action_returns_400" time="2.787" /><testcase classname="tests.test_offhook_spawn.TestSpawnValidation" name="test_unknown_character_returns_404" time="0.139" /><testcase classname="tests.test_offhook_spawn.TestOffHookSpawnsRescue" name="test_spawned_true" time="11.766" /><testcase classname="tests.test_offhook_spawn.TestOffHookSpawnsRescue" name="test_mission_type_is_closest_existing_slug" time="0.000" /><testcase classname="tests.test_offhook_spawn.TestOffHookSpawnsRescue" name="test_old_storyline_paused" time="0.051" /><testcase classname="tests.test_offhook_spawn.TestOffHookSpawnsRescue" name="test_campaign_has_pending_obligation" time="8.871" /><testcase classname="tests.test_offhook_spawn.TestOffHookSpawnsRescue" name="test_spawned_storyline_has_provenance" time="0.000" /><testcase classname="tests.test_offhook_spawn.TestOffHookSpawnsRescue" name="test_spawned_storyline_first_beat_is_phase_1" time="0.000" /><testcase classname="tests.test_offhook_spawn.TestOnHookDoesNotSpawn" name="test_on_hook_returns_spawned_false_and_keeps_storyline_active" time="15.139" /><testcase classname="tests.test_offhook_spawn.TestPendingObligationsPromptBlock" name="test_render_empty_returns_empty_string" time="0.001" /><testcase classname="tests.test_offhook_spawn.TestPendingObligationsPromptBlock" name="test_render_includes_header_and_npc_names" time="0.000" /><testcase classname="tests.test_offhook_spawn.TestPendingObligationsPromptBlock" name="test_extract_pending_obligations_from_storyline_shape" time="0.000" /><testcase classname="tests.test_offhook_spawn.TestExistingEndpointsRegression" name="test_storylines_draft_still_works" time="5.165" /><testcase classname="tests.test_offhook_spawn.TestExistingEndpointsRegression" name="test_storylines_creative_endpoint_still_works" time="24.289" /><testcase classname="tests.test_resume_attempt" name="test_empty_player_action_returns_400" time="14.628" /><testcase classname="tests.test_resume_attempt" name="test_unknown_storyline_returns_404" time="0.110" /><testcase classname="tests.test_resume_attempt" name="test_active_storyline_returns_409" time="6.372" /><testcase classname="tests.test_resume_attempt" name="test_expired_storyline_returns_409" time="5.321" /><testcase classname="tests.test_resume_attempt" name="test_plausible_recent_attempt_activates" time="77.937"><failure message="AssertionError: The preview environment is not responding. It may be starting up.&#10;  &#10;assert 502 == 200&#10; +  where 502 = &lt;Response [502]&gt;.status_code">tests/test_resume_attempt.py:170: in test_plausible_recent_attempt_activates
    assert r.status_code == 200, r.text[:300]
E   AssertionError: The preview environment is not responding. It may be starting up.
E     
E   assert 502 == 200
E    +  where 502 = &lt;Response [502]&gt;.status_code</failure></testcase><testcase classname="tests.test_resume_attempt" name="test_implausible_old_critical_rescue_expires" time="79.229" /><testcase classname="tests.test_storyline_summaries.TestSpawnPausedSummaryNarration" name="test_field_present_and_non_empty" time="54.447" /><testcase classname="tests.test_storyline_summaries.TestSpawnPausedSummaryNarration" name="test_sentence_count_1_to_3" time="0.000" /><testcase classname="tests.test_storyline_summaries.TestSpawnPausedSummaryNarration" name="test_cites_paused_storyline_title" time="0.000" /><testcase classname="tests.test_storyline_summaries.TestSpawnPausedSummaryNarration" name="test_no_trailing_comma_roles_in_npc_names" time="0.000" /><testcase classname="tests.test_storyline_summaries.TestSpawnNoCurrentStorylineReturnsNullNarration" name="test_no_current_storyline_id_returns_null_psn" time="14.868" /><testcase classname="tests.test_storyline_summaries.TestResolveCompletionNarrationKey" name="test_resolve_non_completing_returns_null_completion_narration" time="13.409"><skipped type="pytest.skip" message="Single-beat draft — first resolve completes the storyline.">/app/backend/tests/test_storyline_summaries.py:221: Single-beat draft — first resolve completes the storyline.</skipped></testcase><testcase classname="tests.test_storyline_summaries.TestResolveCompletionNarrationKey" name="test_regression_resolve_response_shape" time="24.218" /><testcase classname="tests.test_storyline_summaries.TestCreativeCompletionNarrationKey" name="test_creative_response_includes_completion_narration_key" time="41.632" /><testcase classname="tests.test_storyline_summaries.TestBuildCompletionNarrationHelper" name="test_prefers_epilogue_when_present" time="0.227" /><testcase classname="tests.test_storyline_summaries.TestBuildCompletionNarrationHelper" name="test_fallback_uses_title_and_last_beat_target_name" time="0.000" /><testcase classname="tests.test_storyline_summaries.TestBuildCompletionNarrationHelper" name="test_fallback_when_no_targets_still_returns_string" time="0.001" /></testsuite></testsuites>