<?xml version="1.0" encoding="utf-8"?><testsuites name="pytest tests"><testsuite name="pytest" errors="0" failures="3" skipped="2" tests="8" time="695.012" timestamp="2026-05-15T14:10:40.372983+00:00" hostname="agent-env-8568080b-37fb-4240-9e69-76ae58566fd8"><testcase classname="tests.test_storyline_xp_grant.TestProgressionServiceExport" name="test_apply_xp_to_character_is_importable" time="0.001"><failure message="AssertionError: services.progression_service must export apply_xp_to_character (the storylines router imports this name). Currently only exports: ['Any', 'Dict', 'ENEMY_XP_REWARDS', 'List', 'Tuple', 'XP_TO_NEXT_LEVEL', 'apply_xp_gain', 'calculate_non_combat_xp', 'calculate_xp_for_enemy', 'get_enemy_archetype_tier', 'get_xp_to_next', 'logger', 'logging']&#10;assert False&#10; +  where False = hasattr(&lt;module 'services.progression_service' from '/app/backend/services/progression_service.py'&gt;, 'apply_xp_to_character')">tests/test_storyline_xp_grant.py:95: in test_apply_xp_to_character_is_importable
    assert hasattr(mod, "apply_xp_to_character"), (
E   AssertionError: services.progression_service must export apply_xp_to_character (the storylines router imports this name). Currently only exports: ['Any', 'Dict', 'ENEMY_XP_REWARDS', 'List', 'Tuple', 'XP_TO_NEXT_LEVEL', 'apply_xp_gain', 'calculate_non_combat_xp', 'calculate_xp_for_enemy', 'get_enemy_archetype_tier', 'get_xp_to_next', 'logger', 'logging']
E   assert False
E    +  where False = hasattr(&lt;module 'services.progression_service' from '/app/backend/services/progression_service.py'&gt;, 'apply_xp_to_character')</failure></testcase><testcase classname="tests.test_storyline_xp_grant.TestProgressionServiceExport" name="test_apply_xp_to_character_level_up_rollover" time="0.000"><skipped type="pytest.skip" message="apply_xp_to_character missing (covered by export test)">/app/backend/tests/test_storyline_xp_grant.py:105: apply_xp_to_character missing (covered by export test)</skipped></testcase><testcase classname="tests.test_storyline_xp_grant.TestResolvePlayerUpdates" name="test_resolve_non_completion_returns_null_player_updates" time="29.197" /><testcase classname="tests.test_storyline_xp_grant.TestResolvePlayerUpdates" name="test_resolve_completion_returns_player_updates_and_persists" time="116.136"><failure message="AssertionError: player_updates must be a dict when reward.xp&gt;0; reward={'xp': 50, 'passed': 7, 'failed': 0, 'title': 'The Investigation Notice', 'description': 'As the dust of the investigation settles, you find clarity among the chaos, your medallion glinting with the wisdom of your success.', 'item': {'name': 'Medallion of Insight', 'description': 'This ornate medallion enhances your investigative skills, granting advantage on Intelligence checks related to lore and mystery.', 'kind': 'item'}, 'tone': 'satisfaction'}, player_updates=None&#10;assert False&#10; +  where False = isinstance(None, dict)">tests/test_storyline_xp_grant.py:217: in test_resolve_completion_returns_player_updates_and_persists
    assert isinstance(pu, dict), (
E   AssertionError: player_updates must be a dict when reward.xp&gt;0; reward={'xp': 50, 'passed': 7, 'failed': 0, 'title': 'The Investigation Notice', 'description': 'As the dust of the investigation settles, you find clarity among the chaos, your medallion glinting with the wisdom of your success.', 'item': {'name': 'Medallion of Insight', 'description': 'This ornate medallion enhances your investigative skills, granting advantage on Intelligence checks related to lore and mystery.', 'kind': 'item'}, 'tone': 'satisfaction'}, player_updates=None
E   assert False
E    +  where False = isinstance(None, dict)</failure></testcase><testcase classname="tests.test_storyline_xp_grant.TestResolvePlayerUpdates" name="test_levelup_rollover_via_resolve_chain" time="526.789"><skipped type="pytest.skip" message="Reward generator awarded too little XP across 3 storylines (total=0); cannot exercise level-up rollover via the public API in this environment.">/app/backend/tests/test_storyline_xp_grant.py:275: Reward generator awarded too little XP across 3 storylines (total=0); cannot exercise level-up rollover via the public API in this environment.</skipped></testcase><testcase classname="tests.test_storyline_xp_grant.TestCreativePlayerUpdates" name="test_creative_response_shape_includes_player_updates_field" time="22.357" /><testcase classname="tests.test_storyline_xp_grant.TestApplyStorylineRewardXpHelper" name="test_no_reward_returns_none" time="0.363" /><testcase classname="tests.test_storyline_xp_grant.TestApplyStorylineRewardXpHelper" name="test_helper_applies_and_persists" time="0.006"><failure message="AssertionError: _apply_storyline_reward_xp returned None for a 200 XP reward — likely the underlying import/apply failed silently.&#10;assert None is not None">tests/test_storyline_xp_grant.py:369: in test_helper_applies_and_persists
    assert pu is not None, (
E   AssertionError: _apply_storyline_reward_xp returned None for a 200 XP reward — likely the underlying import/apply failed silently.
E   assert None is not None</failure></testcase></testsuite></testsuites>