<?xml version="1.0" encoding="utf-8"?><testsuites name="pytest tests"><testsuite name="pytest" errors="0" failures="0" skipped="2" tests="22" time="66.442" timestamp="2026-05-15T21:35:56.566683+00:00" hostname="agent-env-8568080b-37fb-4240-9e69-76ae58566fd8"><testcase classname="backend.tests.test_spawn_clarification.TestClarificationGate" name="test_vague_look_for_sloop_triggers_clarification" time="2.691" /><testcase classname="backend.tests.test_spawn_clarification.TestClarificationGate" name="test_all_vague_verbs_trigger_clarification[look]" time="2.188" /><testcase classname="backend.tests.test_spawn_clarification.TestClarificationGate" name="test_all_vague_verbs_trigger_clarification[find]" time="2.548" /><testcase classname="backend.tests.test_spawn_clarification.TestClarificationGate" name="test_all_vague_verbs_trigger_clarification[check]" time="2.520" /><testcase classname="backend.tests.test_spawn_clarification.TestClarificationGate" name="test_all_vague_verbs_trigger_clarification[see]" time="6.496"><skipped type="pytest.skip" message="classifier on-hook for verb 'see'">/app/backend/tests/test_spawn_clarification.py:130: classifier on-hook for verb 'see'</skipped></testcase><testcase classname="backend.tests.test_spawn_clarification.TestClarificationGate" name="test_all_vague_verbs_trigger_clarification[go]" time="1.386" /><testcase classname="backend.tests.test_spawn_clarification.TestClarificationGate" name="test_all_vague_verbs_trigger_clarification[search]" time="2.354" /><testcase classname="backend.tests.test_spawn_clarification.TestClarificationGate" name="test_all_vague_verbs_trigger_clarification[explore]" time="10.959"><skipped type="pytest.skip" message="classifier on-hook for verb 'explore'">/app/backend/tests/test_spawn_clarification.py:130: classifier on-hook for verb 'explore'</skipped></testcase><testcase classname="backend.tests.test_spawn_clarification.TestClarificationGate" name="test_all_vague_verbs_trigger_clarification[wander]" time="1.528" /><testcase classname="backend.tests.test_spawn_clarification.TestClarificationGate" name="test_all_vague_verbs_trigger_clarification[scout]" time="1.517" /><testcase classname="backend.tests.test_spawn_clarification.TestClarificationGate" name="test_all_vague_verbs_trigger_clarification[watch]" time="2.987" /><testcase classname="backend.tests.test_spawn_clarification.TestClarificationGate" name="test_all_vague_verbs_trigger_clarification[head]" time="1.780" /><testcase classname="backend.tests.test_spawn_clarification.TestClarificationGate" name="test_filler_word_stripping[i'm]" time="1.652" /><testcase classname="backend.tests.test_spawn_clarification.TestClarificationGate" name="test_filler_word_stripping[im]" time="1.692" /><testcase classname="backend.tests.test_spawn_clarification.TestClarificationGate" name="test_filler_word_stripping[i'll]" time="1.442" /><testcase classname="backend.tests.test_spawn_clarification.TestClarificationGate" name="test_filler_word_stripping[ill]" time="5.463" /><testcase classname="backend.tests.test_spawn_clarification.TestClarificationGate" name="test_ing_suffix_normalization" time="2.133" /><testcase classname="backend.tests.test_spawn_clarification.TestConcreteSpawn" name="test_long_concrete_steal_spawns_directly" time="6.388" /><testcase classname="backend.tests.test_spawn_clarification.TestClarificationBypass" name="test_vague_action_with_narration_context_spawns" time="6.348" /><testcase classname="backend.tests.test_spawn_clarification.TestClarificationBypass" name="test_empty_string_narration_context_still_triggers_gate" time="2.175" /><testcase classname="backend.tests.test_spawn_clarification.TestInputValidation" name="test_empty_action_returns_400" time="0.054" /><testcase classname="backend.tests.test_spawn_clarification.TestInputValidation" name="test_missing_character_returns_404" time="0.058" /></testsuite></testsuites>