<?xml version="1.0" encoding="utf-8"?><testsuites name="pytest tests"><testsuite name="pytest" errors="0" failures="0" skipped="0" tests="13" time="2.395" timestamp="2026-05-15T13:40:07.726014+00:00" hostname="agent-env-8568080b-37fb-4240-9e69-76ae58566fd8"><testcase classname="tests.test_global_dm_lessons.TestPostScopeGlobal" name="test_new_lesson_has_scope_global" time="0.256" /><testcase classname="tests.test_global_dm_lessons.TestCrossCampaignVisibility" name="test_camp_b_sees_camp_a_global" time="0.061" /><testcase classname="tests.test_global_dm_lessons.TestCrossCampaignVisibility" name="test_legacy_lesson_returned" time="0.108" /><testcase classname="tests.test_global_dm_lessons.TestCrossCampaignVisibility" name="test_campaign_scoped_lesson_only_visible_to_owner" time="0.102" /><testcase classname="tests.test_global_dm_lessons.TestCrossCampaignPatch" name="test_patch_via_other_campaign_url" time="0.106" /><testcase classname="tests.test_global_dm_lessons.TestCrossCampaignPatch" name="test_patch_unknown_id_returns_404" time="0.048" /><testcase classname="tests.test_global_dm_lessons.TestCrossCampaignDedupe" name="test_duplicate_lesson_in_other_campaign_merges" time="0.155" /><testcase classname="tests.test_global_dm_lessons.TestCrossCampaignDedupe" name="test_reinforcing_legacy_promotes_to_global" time="0.050" /><testcase classname="tests.test_global_dm_lessons.TestLoadActiveLessonsUnion" name="test_union_and_sort_and_limit" time="0.003" /><testcase classname="tests.test_global_dm_lessons.TestLoadActiveLessonsUnion" name="test_limit_enforced" time="0.002" /><testcase classname="tests.test_global_dm_lessons.TestReactionScopeGlobal" name="test_reaction_lesson_is_global" time="1.216" /><testcase classname="tests.test_global_dm_lessons.TestZCrossCampaignDelete" name="test_delete_via_other_campaign_url" time="0.171" /><testcase classname="tests.test_global_dm_lessons.TestZCrossCampaignDelete" name="test_delete_unknown_id_returns_404" time="0.052" /></testsuite></testsuites>