<?xml version="1.0" encoding="utf-8"?><testsuites name="pytest tests"><testsuite name="pytest" errors="0" failures="0" skipped="0" tests="11" time="113.284" timestamp="2026-05-03T21:31:16.251269+00:00" hostname="agent-env-8568080b-37fb-4240-9e69-76ae58566fd8"><testcase classname="backend.tests.test_lead_cards.TestDraftReveal" name="test_draft_has_knowledge_beat_with_prompt" time="10.715" /><testcase classname="backend.tests.test_lead_cards.TestDraftReveal" name="test_draft_action_beats_have_no_prompt" time="7.431" /><testcase classname="backend.tests.test_lead_cards.TestResolveLeadMinting" name="test_passed_knowledge_mints_active_lead" time="9.630" /><testcase classname="backend.tests.test_lead_cards.TestResolveLeadMinting" name="test_failed_knowledge_mints_sealed_lead_persisted" time="11.367" /><testcase classname="backend.tests.test_lead_cards.TestResolveLeadMinting" name="test_action_beat_resolve_returns_no_lead" time="9.530" /><testcase classname="backend.tests.test_lead_cards.TestCreativeLead" name="test_creative_on_knowledge_beat_returns_lead" time="9.628" /><testcase classname="backend.tests.test_lead_cards.TestUnseal" name="test_unseal_roll_high_succeeds" time="12.648" /><testcase classname="backend.tests.test_lead_cards.TestUnseal" name="test_unseal_roll_low_fails" time="9.135" /><testcase classname="backend.tests.test_lead_cards.TestUnseal" name="test_unseal_creative_succeeds" time="9.743" /><testcase classname="backend.tests.test_lead_cards.TestUnseal" name="test_unseal_on_non_sealed_card_returns_400" time="10.296" /><testcase classname="backend.tests.test_lead_cards.TestUnseal" name="test_unseal_invalid_mode_returns_400" time="13.109" /></testsuite></testsuites>