<?xml version="1.0" encoding="utf-8"?><testsuites name="pytest tests"><testsuite name="pytest" errors="0" failures="0" skipped="0" tests="6" time="22.917" timestamp="2026-05-14T23:16:54.897767+00:00" hostname="agent-env-8568080b-37fb-4240-9e69-76ae58566fd8"><testcase classname="backend.tests.test_mission_phase_badge.TestCampaignMissionTypePersistence" name="test_campaign_draft_with_heist_persists" time="6.016" /><testcase classname="backend.tests.test_mission_phase_badge.TestHeistStorylineMissionSnapshot" name="test_draft_response_includes_mission_type_snapshot" time="4.877" /><testcase classname="backend.tests.test_mission_phase_badge.TestHeistStorylineMissionSnapshot" name="test_first_beat_tagged_phase_discovery" time="0.000" /><testcase classname="backend.tests.test_mission_phase_badge.TestHeistStorylineMissionSnapshot" name="test_get_storyline_persists_snapshot" time="0.084" /><testcase classname="backend.tests.test_mission_phase_badge.TestRescueStorylineMissionSnapshot" name="test_rescue_first_beat_phase_locate" time="4.411" /><testcase classname="backend.tests.test_mission_phase_badge.TestStorylineWithoutMissionType" name="test_freeform_campaign_storyline_has_null_mission" time="7.461" /></testsuite></testsuites>