<?xml version="1.0" encoding="utf-8"?><testsuites name="pytest tests"><testsuite name="pytest" errors="0" failures="0" skipped="0" tests="14" time="60.552" timestamp="2026-05-15T01:05:34.075582+00:00" hostname="agent-env-8568080b-37fb-4240-9e69-76ae58566fd8"><testcase classname="tests.test_offhook_spawn.TestSpawnValidation" name="test_empty_player_action_returns_400" time="0.339" /><testcase classname="tests.test_offhook_spawn.TestSpawnValidation" name="test_unknown_character_returns_404" time="0.113" /><testcase classname="tests.test_offhook_spawn.TestOffHookSpawnsRescue" name="test_spawned_true" time="14.210" /><testcase classname="tests.test_offhook_spawn.TestOffHookSpawnsRescue" name="test_mission_type_is_closest_existing_slug" time="0.000" /><testcase classname="tests.test_offhook_spawn.TestOffHookSpawnsRescue" name="test_old_storyline_paused" time="0.052" /><testcase classname="tests.test_offhook_spawn.TestOffHookSpawnsRescue" name="test_campaign_has_pending_obligation" time="6.051" /><testcase classname="tests.test_offhook_spawn.TestOffHookSpawnsRescue" name="test_spawned_storyline_has_provenance" time="0.000" /><testcase classname="tests.test_offhook_spawn.TestOffHookSpawnsRescue" name="test_spawned_storyline_first_beat_is_phase_1" time="0.000" /><testcase classname="tests.test_offhook_spawn.TestOnHookDoesNotSpawn" name="test_on_hook_returns_spawned_false_and_keeps_storyline_active" time="7.756" /><testcase classname="tests.test_offhook_spawn.TestPendingObligationsPromptBlock" name="test_render_empty_returns_empty_string" time="0.001" /><testcase classname="tests.test_offhook_spawn.TestPendingObligationsPromptBlock" name="test_render_includes_header_and_npc_names" time="0.000" /><testcase classname="tests.test_offhook_spawn.TestPendingObligationsPromptBlock" name="test_extract_pending_obligations_from_storyline_shape" time="0.000" /><testcase classname="tests.test_offhook_spawn.TestExistingEndpointsRegression" name="test_storylines_draft_still_works" time="5.984" /><testcase classname="tests.test_offhook_spawn.TestExistingEndpointsRegression" name="test_storylines_creative_endpoint_still_works" time="25.975" /></testsuite></testsuites>