<?xml version="1.0" encoding="utf-8"?><testsuites name="pytest tests"><testsuite name="pytest" errors="0" failures="0" skipped="0" tests="9" time="0.758" timestamp="2026-01-17T18:30:38.293687+00:00" hostname="agent-env-6c00ec7b-8beb-45b4-a7a6-1f94e69ad016"><testcase classname="tests.test_campaign_flow.TestBackendHealth" name="test_api_root" time="0.058" /><testcase classname="tests.test_campaign_flow.TestCharacterV2API" name="test_list_characters" time="0.038" /><testcase classname="tests.test_campaign_flow.TestCharacterV2API" name="test_create_character" time="0.036" /><testcase classname="tests.test_campaign_flow.TestCharacterV2API" name="test_get_character_by_id" time="0.071" /><testcase classname="tests.test_campaign_flow.TestCampaignAPI" name="test_campaign_draft_creation" time="0.070" /><testcase classname="tests.test_campaign_flow.TestCampaignAPI" name="test_campaign_draft_requires_character" time="0.042" /><testcase classname="tests.test_campaign_flow.TestCampaignAPI" name="test_generate_world_endpoint" time="0.112" /><testcase classname="tests.test_campaign_flow.TestCampaignAPI" name="test_knowledge_cards_endpoint" time="0.143" /><testcase classname="tests.test_campaign_flow.TestFullCampaignFlow" name="test_complete_campaign_flow" time="0.134" /></testsuite></testsuites>