<?xml version="1.0" encoding="utf-8"?><testsuites name="pytest tests"><testsuite name="pytest" errors="0" failures="3" skipped="0" tests="26" time="135.562" timestamp="2026-05-15T01:48:29.514277+00:00" hostname="agent-env-8568080b-37fb-4240-9e69-76ae58566fd8"><testcase classname="tests.test_offhook_spawn.TestSpawnValidation" name="test_empty_player_action_returns_400" time="0.316" /><testcase classname="tests.test_offhook_spawn.TestSpawnValidation" name="test_unknown_character_returns_404" time="0.107" /><testcase classname="tests.test_offhook_spawn.TestOffHookSpawnsRescue" name="test_spawned_true" time="22.574" /><testcase classname="tests.test_offhook_spawn.TestOffHookSpawnsRescue" name="test_mission_type_is_closest_existing_slug" time="0.000" /><testcase classname="tests.test_offhook_spawn.TestOffHookSpawnsRescue" name="test_old_storyline_paused" time="0.067" /><testcase classname="tests.test_offhook_spawn.TestOffHookSpawnsRescue" name="test_campaign_has_pending_obligation" time="4.771" /><testcase classname="tests.test_offhook_spawn.TestOffHookSpawnsRescue" name="test_spawned_storyline_has_provenance" time="0.000" /><testcase classname="tests.test_offhook_spawn.TestOffHookSpawnsRescue" name="test_spawned_storyline_first_beat_is_phase_1" time="0.000" /><testcase classname="tests.test_offhook_spawn.TestOnHookDoesNotSpawn" name="test_on_hook_returns_spawned_false_and_keeps_storyline_active" time="6.739" /><testcase classname="tests.test_offhook_spawn.TestPendingObligationsPromptBlock" name="test_render_empty_returns_empty_string" time="0.001" /><testcase classname="tests.test_offhook_spawn.TestPendingObligationsPromptBlock" name="test_render_includes_header_and_npc_names" time="0.000" /><testcase classname="tests.test_offhook_spawn.TestPendingObligationsPromptBlock" name="test_extract_pending_obligations_from_storyline_shape" time="0.000" /><testcase classname="tests.test_offhook_spawn.TestExistingEndpointsRegression" name="test_storylines_draft_still_works" time="4.826" /><testcase classname="tests.test_offhook_spawn.TestExistingEndpointsRegression" name="test_storylines_creative_endpoint_still_works" time="22.577" /><testcase classname="tests.test_resume_attempt" name="test_empty_player_action_returns_400" time="11.363" /><testcase classname="tests.test_resume_attempt" name="test_unknown_storyline_returns_404" time="0.110" /><testcase classname="tests.test_resume_attempt" name="test_active_storyline_returns_409" time="5.152" /><testcase classname="tests.test_resume_attempt" name="test_expired_storyline_returns_409" time="7.507"><failure message="assert 'expired' in '{&quot;success&quot;:false,&quot;data&quot;:null,&quot;error&quot;:{&quot;type&quot;:&quot;http_error&quot;,&quot;message&quot;:&quot;cannot resume a storyline with status \'active\'&quot;,&quot;details&quot;:{&quot;status_code&quot;:409}}}'&#10; +  where '{&quot;success&quot;:false,&quot;data&quot;:null,&quot;error&quot;:{&quot;type&quot;:&quot;http_error&quot;,&quot;message&quot;:&quot;cannot resume a storyline with status \'active\'&quot;,&quot;details&quot;:{&quot;status_code&quot;:409}}}' = &lt;built-in method lower of str object at 0xfa2b5eac7910&gt;()&#10; +    where &lt;built-in method lower of str object at 0xfa2b5eac7910&gt; = '{&quot;success&quot;:false,&quot;data&quot;:null,&quot;error&quot;:{&quot;type&quot;:&quot;http_error&quot;,&quot;message&quot;:&quot;Cannot resume a storyline with status \'active\'&quot;,&quot;details&quot;:{&quot;status_code&quot;:409}}}'.lower&#10; +      where '{&quot;success&quot;:false,&quot;data&quot;:null,&quot;error&quot;:{&quot;type&quot;:&quot;http_error&quot;,&quot;message&quot;:&quot;Cannot resume a storyline with status \'active\'&quot;,&quot;details&quot;:{&quot;status_code&quot;:409}}}' = &lt;Response [409]&gt;.text">tests/test_resume_attempt.py:144: in test_expired_storyline_returns_409
    assert "expired" in r.text.lower()
E   assert 'expired' in '{"success":false,"data":null,"error":{"type":"http_error","message":"cannot resume a storyline with status \'active\'","details":{"status_code":409}}}'
E    +  where '{"success":false,"data":null,"error":{"type":"http_error","message":"cannot resume a storyline with status \'active\'","details":{"status_code":409}}}' = &lt;built-in method lower of str object at 0xfa2b5eac7910&gt;()
E    +    where &lt;built-in method lower of str object at 0xfa2b5eac7910&gt; = '{"success":false,"data":null,"error":{"type":"http_error","message":"Cannot resume a storyline with status \'active\'","details":{"status_code":409}}}'.lower
E    +      where '{"success":false,"data":null,"error":{"type":"http_error","message":"Cannot resume a storyline with status \'active\'","details":{"status_code":409}}}' = &lt;Response [409]&gt;.text</failure></testcase><testcase classname="tests.test_resume_attempt" name="test_plausible_recent_attempt_activates" time="16.026"><failure message="assert (None)">tests/test_resume_attempt.py:159: in test_plausible_recent_attempt_activates
    assert paused_doc and paused_doc.get("status") == "paused"
E   assert (None)</failure></testcase><testcase classname="tests.test_resume_attempt" name="test_implausible_old_critical_rescue_expires" time="10.282"><failure message="AssertionError: failed to backdate pending_obligation&#10;assert 0 == 1&#10; +  where 0 = UpdateResult({'n': 0, 'nModified': 0, 'ok': 1.0, 'updatedExisting': False}, acknowledged=True).modified_count">tests/test_resume_attempt.py:213: in test_implausible_old_critical_rescue_expires
    assert res.modified_count == 1, "failed to backdate pending_obligation"
E   AssertionError: failed to backdate pending_obligation
E   assert 0 == 1
E    +  where 0 = UpdateResult({'n': 0, 'nModified': 0, 'ok': 1.0, 'updatedExisting': False}, acknowledged=True).modified_count</failure></testcase><testcase classname="tests.test_mission_phase_badge.TestCampaignMissionTypePersistence" name="test_campaign_draft_with_heist_persists" time="5.844" /><testcase classname="tests.test_mission_phase_badge.TestHeistStorylineMissionSnapshot" name="test_draft_response_includes_mission_type_snapshot" time="8.531" /><testcase classname="tests.test_mission_phase_badge.TestHeistStorylineMissionSnapshot" name="test_first_beat_tagged_phase_discovery" time="0.000" /><testcase classname="tests.test_mission_phase_badge.TestHeistStorylineMissionSnapshot" name="test_get_storyline_persists_snapshot" time="0.054" /><testcase classname="tests.test_mission_phase_badge.TestRescueStorylineMissionSnapshot" name="test_rescue_first_beat_phase_locate" time="4.198" /><testcase classname="tests.test_mission_phase_badge.TestStorylineWithoutMissionType" name="test_freeform_campaign_storyline_has_null_mission" time="4.371" /></testsuite></testsuites>