<?xml version="1.0" encoding="utf-8"?><testsuites name="pytest tests"><testsuite name="pytest" errors="0" failures="3" skipped="0" tests="20" time="93.196" timestamp="2026-05-15T01:30:56.036809+00:00" hostname="agent-env-8568080b-37fb-4240-9e69-76ae58566fd8"><testcase classname="backend.tests.test_mission_phase_badge.TestCampaignMissionTypePersistence" name="test_campaign_draft_with_heist_persists" time="7.866" /><testcase classname="backend.tests.test_mission_phase_badge.TestHeistStorylineMissionSnapshot" name="test_draft_response_includes_mission_type_snapshot" time="5.399" /><testcase classname="backend.tests.test_mission_phase_badge.TestHeistStorylineMissionSnapshot" name="test_first_beat_tagged_phase_discovery" time="0.000" /><testcase classname="backend.tests.test_mission_phase_badge.TestHeistStorylineMissionSnapshot" name="test_get_storyline_persists_snapshot" time="0.060" /><testcase classname="backend.tests.test_mission_phase_badge.TestRescueStorylineMissionSnapshot" name="test_rescue_first_beat_phase_locate" time="7.634" /><testcase classname="backend.tests.test_mission_phase_badge.TestStorylineWithoutMissionType" name="test_freeform_campaign_storyline_has_null_mission" time="8.911" /><testcase classname="backend.tests.test_offhook_spawn.TestSpawnValidation" name="test_empty_player_action_returns_400" time="0.214" /><testcase classname="backend.tests.test_offhook_spawn.TestSpawnValidation" name="test_unknown_character_returns_404" time="0.111" /><testcase classname="backend.tests.test_offhook_spawn.TestOffHookSpawnsRescue" name="test_spawned_true" time="13.470" /><testcase classname="backend.tests.test_offhook_spawn.TestOffHookSpawnsRescue" name="test_mission_type_is_closest_existing_slug" time="0.000" /><testcase classname="backend.tests.test_offhook_spawn.TestOffHookSpawnsRescue" name="test_old_storyline_paused" time="0.047" /><testcase classname="backend.tests.test_offhook_spawn.TestOffHookSpawnsRescue" name="test_campaign_has_pending_obligation" time="4.440" /><testcase classname="backend.tests.test_offhook_spawn.TestOffHookSpawnsRescue" name="test_spawned_storyline_has_provenance" time="0.000" /><testcase classname="backend.tests.test_offhook_spawn.TestOffHookSpawnsRescue" name="test_spawned_storyline_first_beat_is_phase_1" time="0.000" /><testcase classname="backend.tests.test_offhook_spawn.TestOnHookDoesNotSpawn" name="test_on_hook_returns_spawned_false_and_keeps_storyline_active" time="7.243" /><testcase classname="backend.tests.test_offhook_spawn.TestPendingObligationsPromptBlock" name="test_render_empty_returns_empty_string" time="0.000"><failure message="ModuleNotFoundError: No module named 'services'">backend/tests/test_offhook_spawn.py:260: in test_render_empty_returns_empty_string
    from services.storyline_spawner import render_pending_obligations_for_prompt
E   ModuleNotFoundError: No module named 'services'</failure></testcase><testcase classname="backend.tests.test_offhook_spawn.TestPendingObligationsPromptBlock" name="test_render_includes_header_and_npc_names" time="0.000"><failure message="ModuleNotFoundError: No module named 'services'">backend/tests/test_offhook_spawn.py:265: in test_render_includes_header_and_npc_names
    from services.storyline_spawner import render_pending_obligations_for_prompt
E   ModuleNotFoundError: No module named 'services'</failure></testcase><testcase classname="backend.tests.test_offhook_spawn.TestPendingObligationsPromptBlock" name="test_extract_pending_obligations_from_storyline_shape" time="0.000"><failure message="ModuleNotFoundError: No module named 'services'">backend/tests/test_offhook_spawn.py:285: in test_extract_pending_obligations_from_storyline_shape
    from services.storyline_spawner import extract_pending_obligations_from_storyline
E   ModuleNotFoundError: No module named 'services'</failure></testcase><testcase classname="backend.tests.test_offhook_spawn.TestExistingEndpointsRegression" name="test_storylines_draft_still_works" time="6.786" /><testcase classname="backend.tests.test_offhook_spawn.TestExistingEndpointsRegression" name="test_storylines_creative_endpoint_still_works" time="30.919" /></testsuite></testsuites>