<?xml version="1.0" encoding="utf-8"?><testsuites name="pytest tests"><testsuite name="pytest" errors="0" failures="0" skipped="0" tests="10" time="9.681" timestamp="2026-05-12T17:56:57.234723+00:00" hostname="agent-env-8568080b-37fb-4240-9e69-76ae58566fd8"><testcase classname="tests.test_session_review.TestNewLessonTypesAccepted" name="test_create_new_lesson_type[challenge_tuning]" time="0.510" /><testcase classname="tests.test_session_review.TestNewLessonTypesAccepted" name="test_create_new_lesson_type[npc_craft]" time="0.166" /><testcase classname="tests.test_session_review.TestNewLessonTypesAccepted" name="test_create_new_lesson_type[narration_craft]" time="0.145" /><testcase classname="tests.test_session_review.TestNewLessonTypesAccepted" name="test_create_new_lesson_type[reward_balance]" time="0.144" /><testcase classname="tests.test_session_review.TestNewLessonTypesAccepted" name="test_create_new_lesson_type[villain_craft]" time="0.154" /><testcase classname="tests.test_session_review.TestNewLessonTypesAccepted" name="test_invalid_type_still_rejected" time="0.070" /><testcase classname="tests.test_session_review.TestSessionReview" name="test_session_review_response_shape" time="4.243" /><testcase classname="tests.test_session_review.TestSessionReview" name="test_session_review_persists_to_db" time="0.076" /><testcase classname="tests.test_session_review.TestSessionReview" name="test_session_review_idempotency_no_explosion" time="3.625" /><testcase classname="tests.test_session_review.TestSessionReview" name="test_session_review_empty_character" time="0.502" /></testsuite></testsuites>