<?xml version="1.0" encoding="utf-8"?><testsuites name="pytest tests"><testsuite name="pytest" errors="0" failures="0" skipped="0" tests="10" time="70.906" timestamp="2026-05-01T22:40:23.541601+00:00" hostname="agent-env-8568080b-37fb-4240-9e69-76ae58566fd8"><testcase classname="backend.tests.test_storylines.TestHooksBackfill" name="test_campaign_starting_scene_has_hooks" time="0.186" /><testcase classname="backend.tests.test_storylines.TestStorylineDraftAndResolve" name="test_draft_returns_storyline_with_beats" time="11.831" /><testcase classname="backend.tests.test_storylines.TestStorylineDraftAndResolve" name="test_draft_creates_linked_quest_card" time="0.048" /><testcase classname="backend.tests.test_storylines.TestStorylineDraftAndResolve" name="test_list_storylines_includes_drafted" time="0.050" /><testcase classname="backend.tests.test_storylines.TestStorylineDraftAndResolve" name="test_get_storyline_detail" time="0.072" /><testcase classname="backend.tests.test_storylines.TestStorylineDraftAndResolve" name="test_resolve_advances_then_completes_with_reward" time="2.588" /><testcase classname="backend.tests.test_storylines.TestAbandonStoryline" name="test_abandon_marks_status_and_card_failed" time="13.095" /><testcase classname="backend.tests.test_storylines.TestLeanDMHookEngagement" name="test_non_engaging_action_returns_no_storyline" time="11.589" /><testcase classname="backend.tests.test_storylines.TestLeanDMHookEngagement" name="test_engaging_action_returns_storyline" time="22.748" /><testcase classname="backend.tests.test_storylines.TestLeanDMHookEngagement" name="test_dm_response_persists_hooks_metadata" time="8.647" /></testsuite></testsuites>