<?xml version="1.0" encoding="utf-8"?><testsuites name="pytest tests"><testsuite name="pytest" errors="0" failures="0" skipped="1" tests="11" time="68.433" timestamp="2026-05-15T01:47:10.816709+00:00" hostname="agent-env-8568080b-37fb-4240-9e69-76ae58566fd8"><testcase classname="tests.test_storyline_summaries.TestSpawnPausedSummaryNarration" name="test_field_present_and_non_empty" time="13.226" /><testcase classname="tests.test_storyline_summaries.TestSpawnPausedSummaryNarration" name="test_sentence_count_1_to_3" time="0.000" /><testcase classname="tests.test_storyline_summaries.TestSpawnPausedSummaryNarration" name="test_cites_paused_storyline_title" time="0.000" /><testcase classname="tests.test_storyline_summaries.TestSpawnPausedSummaryNarration" name="test_no_trailing_comma_roles_in_npc_names" time="0.000" /><testcase classname="tests.test_storyline_summaries.TestSpawnNoCurrentStorylineReturnsNullNarration" name="test_no_current_storyline_id_returns_null_psn" time="7.530" /><testcase classname="tests.test_storyline_summaries.TestResolveCompletionNarrationKey" name="test_resolve_non_completing_returns_null_completion_narration" time="4.104"><skipped type="pytest.skip" message="Single-beat draft — first resolve completes the storyline.">/app/backend/tests/test_storyline_summaries.py:221: Single-beat draft — first resolve completes the storyline.</skipped></testcase><testcase classname="tests.test_storyline_summaries.TestResolveCompletionNarrationKey" name="test_regression_resolve_response_shape" time="21.343" /><testcase classname="tests.test_storyline_summaries.TestCreativeCompletionNarrationKey" name="test_creative_response_includes_completion_narration_key" time="21.965" /><testcase classname="tests.test_storyline_summaries.TestBuildCompletionNarrationHelper" name="test_prefers_epilogue_when_present" time="0.204" /><testcase classname="tests.test_storyline_summaries.TestBuildCompletionNarrationHelper" name="test_fallback_uses_title_and_last_beat_target_name" time="0.000" /><testcase classname="tests.test_storyline_summaries.TestBuildCompletionNarrationHelper" name="test_fallback_when_no_targets_still_returns_string" time="0.001" /></testsuite></testsuites>