<?xml version="1.0" encoding="utf-8"?><testsuites name="pytest tests"><testsuite name="pytest" errors="0" failures="0" skipped="0" tests="11" time="13.172" timestamp="2026-04-30T19:47:17.281027+00:00" hostname="agent-env-8568080b-37fb-4240-9e69-76ae58566fd8"><testcase classname="tests.test_world_graph.TestWorldGraph" name="test_graph_basic_structure" time="0.283" /><testcase classname="tests.test_world_graph.TestWorldGraph" name="test_neighbors_have_hints_or_events" time="0.000" /><testcase classname="tests.test_world_graph.TestWorldGraph" name="test_edges_reference_valid_regions" time="0.000" /><testcase classname="tests.test_world_graph.TestVisitRegion" name="test_visit_hydrates_non_starter" time="10.824" /><testcase classname="tests.test_world_graph.TestVisitRegion" name="test_visit_invalid_region_returns_404" time="0.212" /><testcase classname="tests.test_world_graph.TestAcceptDismissEvent" name="test_accept_event_creates_quest" time="0.310" /><testcase classname="tests.test_world_graph.TestAcceptDismissEvent" name="test_accepted_event_appears_in_quests_list" time="0.663" /><testcase classname="tests.test_world_graph.TestAcceptDismissEvent" name="test_accept_already_accepted_returns_400" time="0.141" /><testcase classname="tests.test_world_graph.TestAcceptDismissEvent" name="test_dismiss_event" time="0.404" /><testcase classname="tests.test_world_graph.TestAcceptDismissEvent" name="test_dismiss_invalid_event_404" time="0.151" /><testcase classname="tests.test_world_graph.TestCampaignDocHasGraph" name="test_campaign_get_includes_world_graph" time="0.118" /></testsuite></testsuites>